"polygons" in: met_min_ca_density.lydrc:35
    Polygons (raw): 4513187 (flat)  39068 (hierarchical)
    Elapsed: 0.250s  Memory: 1118.00M
"polygons" in: met_min_ca_density.lydrc:36
    Polygons (raw): 10399522 (flat)  36609 (hierarchical)
    Elapsed: 0.160s  Memory: 1118.00M
"polygons" in: met_min_ca_density.lydrc:38
    Polygons (raw): 3153893 (flat)  73382 (hierarchical)
    Elapsed: 0.200s  Memory: 1118.00M
"polygons" in: met_min_ca_density.lydrc:39
    Polygons (raw): 240826 (flat)  110031 (hierarchical)
    Elapsed: 0.260s  Memory: 1118.00M
"polygons" in: met_min_ca_density.lydrc:41
    Polygons (raw): 270784 (flat)  68207 (hierarchical)
    Elapsed: 0.240s  Memory: 1118.00M
"polygons" in: met_min_ca_density.lydrc:42
    Polygons (raw): 87387 (flat)  87068 (hierarchical)
    Elapsed: 0.250s  Memory: 1118.00M
"polygons" in: met_min_ca_density.lydrc:44
    Polygons (raw): 36766 (flat)  36420 (hierarchical)
    Elapsed: 0.230s  Memory: 1118.00M
"polygons" in: met_min_ca_density.lydrc:45
    Polygons (raw): 64416 (flat)  64416 (hierarchical)
    Elapsed: 0.220s  Memory: 1118.00M
"polygons" in: met_min_ca_density.lydrc:47
    Polygons (raw): 4085 (flat)  4085 (hierarchical)
    Elapsed: 0.200s  Memory: 1118.00M
"polygons" in: met_min_ca_density.lydrc:48
    Polygons (raw): 0 (flat)  0 (hierarchical)
    Elapsed: 0.000s  Memory: 1118.00M
"polygons" in: met_min_ca_density.lydrc:49
    Polygons (raw): 13269 (flat)  13269 (hierarchical)
    Elapsed: 0.010s  Memory: 1118.00M
"polygons" in: met_min_ca_density.lydrc:51
    Polygons (raw): 344 (flat)  344 (hierarchical)
    Elapsed: 0.000s  Memory: 1118.00M
"input" in: met_min_ca_density.lydrc:53
    Polygons (raw): 2 (flat)  2 (hierarchical)
    Elapsed: 0.190s  Memory: 1118.00M
"area" in: met_min_ca_density.lydrc:55
    Elapsed: 0.310s  Memory: 1140.00M
"polygons" in: met_min_ca_density.lydrc:59
    Polygons (raw): 4513187 (flat)  39068 (hierarchical)
    Elapsed: 0.170s  Memory: 1140.00M
"area" in: met_min_ca_density.lydrc:59
    Elapsed: 18.210s  Memory: 1558.00M
li1_ca_density is 0.6776266131231514
"polygons" in: met_min_ca_density.lydrc:69
    Polygons (raw): 3153893 (flat)  73382 (hierarchical)
    Elapsed: 0.200s  Memory: 1558.00M
"area" in: met_min_ca_density.lydrc:69
    Elapsed: 16.580s  Memory: 1546.00M
m1_ca_density is 0.8662516424054327
"polygons" in: met_min_ca_density.lydrc:79
    Polygons (raw): 270784 (flat)  68207 (hierarchical)
    Elapsed: 0.250s  Memory: 1546.00M
"area" in: met_min_ca_density.lydrc:79
    Elapsed: 0.830s  Memory: 1562.00M
m2_ca_density is 0.9670031044520548
"polygons" in: met_min_ca_density.lydrc:89
    Polygons (raw): 36766 (flat)  36420 (hierarchical)
    Elapsed: 0.230s  Memory: 1562.00M
"area" in: met_min_ca_density.lydrc:89
    Elapsed: 0.530s  Memory: 1562.00M
m3_ca_density is 0.9833400522892668
"polygons" in: met_min_ca_density.lydrc:99
    Polygons (raw): 4085 (flat)  4085 (hierarchical)
    Elapsed: 0.190s  Memory: 1562.00M
"area" in: met_min_ca_density.lydrc:99
    Elapsed: 0.600s  Memory: 1562.00M
m4_ca_density is 0.8276417208636558
"polygons" in: met_min_ca_density.lydrc:109
    Polygons (raw): 344 (flat)  344 (hierarchical)
    Elapsed: 0.010s  Memory: 1562.00M
"area" in: met_min_ca_density.lydrc:109
    Elapsed: 0.210s  Memory: 1562.00M
m5_ca_density is 0.844177901618929
Writing report database: /home/engtech/Desktop/Openlane_v2/IMPACT_CI404/precheck_results/23_APR_2024___21_32_42/outputs/reports/klayout_met_min_ca_density_check.xml ..
Total elapsed: 45.750s  Memory: 1538.00M
